<?xml version="1.0" encoding="UTF-8"?>
<!-- Generated by org.testng.reporters.JUnitReportReporter -->
<testsuite skipped="0" hostname="SGLPGDKNPN2" name="runner.TestRunner" tests="1" failures="0" timestamp="30 Jul 2022 15:27:41 GMT" time="79.234" errors="0">
  <testcase name="feature" time="79.234" classname="runner.TestRunner"/>
</testsuite> <!-- runner.TestRunner -->
